[00:20:23] [Server thread/INFO]: [Server] The server will shutdown in 10 seconds
[00:20:30] [Server thread/INFO]: [Server] Stopping server in 3 
[00:20:31] [Server thread/INFO]: [Server] Stopping server in 2 
[00:20:32] [Server thread/INFO]: [Server] Stopping server in 1 
[00:20:33] [Server thread/INFO]: Stopping the server
[00:20:33] [Server thread/INFO]: Stopping server
[00:20:33] [Server thread/INFO]: Saving players
[00:20:33] [Server thread/INFO]: Saving worlds
[00:20:33] [Server thread/INFO]: Saving chunks for level 'world'/minecraft:the_nether
[00:20:33] [Server thread/INFO]: ThreadedAnvilChunkStorage (DIM-1): All chunks are saved
[00:20:33] [Server thread/INFO]: Saving chunks for level 'world'/minecraft:the_end
[00:20:33] [Server thread/INFO]: ThreadedAnvilChunkStorage (DIM1): All chunks are saved
[00:20:33] [Server thread/INFO]: Saving chunks for level 'world'/minecraft:overworld
[00:20:33] [Server thread/INFO]: ThreadedAnvilChunkStorage (world): All chunks are saved
[00:20:33] [Server thread/INFO]: ThreadedAnvilChunkStorage (DIM-1): All chunks are saved
[00:20:33] [Server thread/INFO]: ThreadedAnvilChunkStorage (DIM-1): All chunks are saved
[00:20:33] [Server thread/INFO]: ThreadedAnvilChunkStorage (DIM1): All chunks are saved
[00:20:33] [Server thread/INFO]: ThreadedAnvilChunkStorage (DIM1): All chunks are saved
[00:20:33] [Server thread/INFO]: ThreadedAnvilChunkStorage (world): All chunks are saved
[00:20:33] [Server thread/INFO]: ThreadedAnvilChunkStorage (world): All chunks are saved
